2018-09-26 03:30:22 704 [Note] Plugin 'FEDERATED' is disabled.
2018-09-26 03:30:22 704 [Note] InnoDB: Using atomics to ref count buffer pool pages
2018-09-26 03:30:22 704 [Note] InnoDB: The InnoDB memory heap is disabled
2018-09-26 03:30:22 704 [Note] InnoDB: Mutexes and rw_locks use Windows interlocked functions
2018-09-26 03:30:22 704 [Note] InnoDB: Memory barrier is not used
2018-09-26 03:30:22 704 [Note] InnoDB: Compressed tables use zlib 1.2.3
2018-09-26 03:30:22 704 [Note] InnoDB: Not using CPU crc32 instructions
2018-09-26 03:30:22 704 [Note] InnoDB: Initializing buffer pool, size = 128.0M
2018-09-26 03:30:22 704 [Note] InnoDB: Completed initialization of buffer pool
2018-09-26 03:30:23 704 [Note] InnoDB: Highest supported file format is Barracuda.
2018-09-26 03:30:24 704 [Note] InnoDB: 128 rollback segment(s) are active.
2018-09-26 03:30:24 704 [Note] InnoDB: Waiting for purge to start
2018-09-26 03:30:24 704 [Note] InnoDB: 5.6.41 started; log sequence number 1625977
2018-09-26 03:30:24 704 [Warning] No existing UUID has been found, so we assume that this is the first time that this server has been started. Generating a new UUID: f9ff95c1-c11a-11e8-88bb-08002710b8d0.
2018-09-26 03:30:24 704 [Note] Server hostname (bind-address): '127.0.0.1'; port: 3306
2018-09-26 03:30:24 704 [Note]   - '127.0.0.1' resolves to '127.0.0.1';
2018-09-26 03:30:24 704 [Note] Server socket created on IP: '127.0.0.1'.
2018-09-26 03:30:24 704 [Note] Event Scheduler: Loaded 0 events
2018-09-26 03:30:24 704 [Note] C:\Bitnami\REDMIN~1.6-1\mysql\bin\mysqld.exe: ready for connections.
Version: '5.6.41'  socket: ''  port: 3306  MySQL Community Server (GPL)
2018-09-26 03:31:02 704 [Note] C:\Bitnami\REDMIN~1.6-1\mysql\bin\mysqld.exe: Normal shutdown

2018-09-26 03:31:02 704 [Note] Giving 0 client threads a chance to die gracefully
2018-09-26 03:31:02 704 [Note] Event Scheduler: Purging the queue. 0 events
2018-09-26 03:31:02 704 [Note] Shutting down slave threads
2018-09-26 03:31:02 704 [Note] Forcefully disconnecting 0 remaining clients
2018-09-26 03:31:02 704 [Note] Binlog end
2018-09-26 03:31:02 704 [Note] Shutting down plugin 'partition'
2018-09-26 03:31:02 704 [Note] Shutting down plugin 'PERFORMANCE_SCHEMA'
2018-09-26 03:31:02 704 [Note] Shutting down plugin 'INNODB_SYS_DATAFILES'
2018-09-26 03:31:02 704 [Note] Shutting down plugin 'INNODB_SYS_TABLESPACES'
2018-09-26 03:31:02 704 [Note] Shutting down plugin 'INNODB_SYS_FOREIGN_COLS'
2018-09-26 03:31:02 704 [Note] Shutting down plugin 'INNODB_SYS_FOREIGN'
2018-09-26 03:31:02 704 [Note] Shutting down plugin 'INNODB_SYS_FIELDS'
2018-09-26 03:31:02 704 [Note] Shutting down plugin 'INNODB_SYS_COLUMNS'
2018-09-26 03:31:02 704 [Note] Shutting down plugin 'INNODB_SYS_INDEXES'
2018-09-26 03:31:02 704 [Note] Shutting down plugin 'INNODB_SYS_TABLESTATS'
2018-09-26 03:31:02 704 [Note] Shutting down plugin 'INNODB_SYS_TABLES'
2018-09-26 03:31:02 704 [Note] Shutting down plugin 'INNODB_FT_INDEX_TABLE'
2018-09-26 03:31:02 704 [Note] Shutting down plugin 'INNODB_FT_INDEX_CACHE'
2018-09-26 03:31:02 704 [Note] Shutting down plugin 'INNODB_FT_CONFIG'
2018-09-26 03:31:02 704 [Note] Shutting down plugin 'INNODB_FT_BEING_DELETED'
2018-09-26 03:31:02 704 [Note] Shutting down plugin 'INNODB_FT_DELETED'
2018-09-26 03:31:02 704 [Note] Shutting down plugin 'INNODB_FT_DEFAULT_STOPWORD'
2018-09-26 03:31:02 704 [Note] Shutting down plugin 'INNODB_METRICS'
2018-09-26 03:31:02 704 [Note] Shutting down plugin 'INNODB_BUFFER_POOL_STATS'
2018-09-26 03:31:02 704 [Note] Shutting down plugin 'INNODB_BUFFER_PAGE_LRU'
2018-09-26 03:31:02 704 [Note] Shutting down plugin 'INNODB_BUFFER_PAGE'
2018-09-26 03:31:02 704 [Note] Shutting down plugin 'INNODB_CMP_PER_INDEX_RESET'
2018-09-26 03:31:02 704 [Note] Shutting down plugin 'INNODB_CMP_PER_INDEX'
2018-09-26 03:31:02 704 [Note] Shutting down plugin 'INNODB_CMPMEM_RESET'
2018-09-26 03:31:02 704 [Note] Shutting down plugin 'INNODB_CMPMEM'
2018-09-26 03:31:02 704 [Note] Shutting down plugin 'INNODB_CMP_RESET'
2018-09-26 03:31:02 704 [Note] Shutting down plugin 'INNODB_CMP'
2018-09-26 03:31:02 704 [Note] Shutting down plugin 'INNODB_LOCK_WAITS'
2018-09-26 03:31:02 704 [Note] Shutting down plugin 'INNODB_LOCKS'
2018-09-26 03:31:02 704 [Note] Shutting down plugin 'INNODB_TRX'
2018-09-26 03:31:02 704 [Note] Shutting down plugin 'InnoDB'
2018-09-26 03:31:02 704 [Note] InnoDB: FTS optimize thread exiting.
2018-09-26 03:31:02 704 [Note] InnoDB: Starting shutdown...
2018-09-26 03:31:04 704 [Note] InnoDB: Shutdown completed; log sequence number 1625987
2018-09-26 03:31:04 704 [Note] Shutting down plugin 'BLACKHOLE'
2018-09-26 03:31:04 704 [Note] Shutting down plugin 'ARCHIVE'
2018-09-26 03:31:04 704 [Note] Shutting down plugin 'MRG_MYISAM'
2018-09-26 03:31:04 704 [Note] Shutting down plugin 'MyISAM'
2018-09-26 03:31:04 704 [Note] Shutting down plugin 'MEMORY'
2018-09-26 03:31:04 704 [Note] Shutting down plugin 'CSV'
2018-09-26 03:31:04 704 [Note] Shutting down plugin 'sha256_password'
2018-09-26 03:31:04 704 [Note] Shutting down plugin 'mysql_old_password'
2018-09-26 03:31:04 704 [Note] Shutting down plugin 'mysql_native_password'
2018-09-26 03:31:04 704 [Note] Shutting down plugin 'binlog'
2018-09-26 03:31:04 704 [Note] C:\Bitnami\REDMIN~1.6-1\mysql\bin\mysqld.exe: Shutdown complete

2018-09-26 03:31:51 1524 [Note] Plugin 'FEDERATED' is disabled.
2018-09-26 03:31:51 1524 [Note] InnoDB: Using atomics to ref count buffer pool pages
2018-09-26 03:31:51 1524 [Note] InnoDB: The InnoDB memory heap is disabled
2018-09-26 03:31:51 1524 [Note] InnoDB: Mutexes and rw_locks use Windows interlocked functions
2018-09-26 03:31:51 1524 [Note] InnoDB: Memory barrier is not used
2018-09-26 03:31:51 1524 [Note] InnoDB: Compressed tables use zlib 1.2.3
2018-09-26 03:31:51 1524 [Note] InnoDB: Not using CPU crc32 instructions
2018-09-26 03:31:51 1524 [Note] InnoDB: Initializing buffer pool, size = 128.0M
2018-09-26 03:31:51 1524 [Note] InnoDB: Completed initialization of buffer pool
2018-09-26 03:31:51 1524 [Note] InnoDB: Highest supported file format is Barracuda.
2018-09-26 03:31:51 1524 [Note] InnoDB: 128 rollback segment(s) are active.
2018-09-26 03:31:51 1524 [Note] InnoDB: Waiting for purge to start
2018-09-26 03:31:51 1524 [Note] InnoDB: 5.6.41 started; log sequence number 1625987
2018-09-26 03:31:51 1524 [Note] Server hostname (bind-address): '127.0.0.1'; port: 3306
2018-09-26 03:31:51 1524 [Note]   - '127.0.0.1' resolves to '127.0.0.1';
2018-09-26 03:31:51 1524 [Note] Server socket created on IP: '127.0.0.1'.
2018-09-26 03:31:52 1524 [Note] Event Scheduler: Loaded 0 events
2018-09-26 03:31:52 1524 [Note] C:\Bitnami\REDMIN~1.6-1\mysql\bin\mysqld.exe: ready for connections.
Version: '5.6.41'  socket: ''  port: 3306  MySQL Community Server (GPL)
2018-09-26 03:56:33 1524 [Note] C:\Bitnami\REDMIN~1.6-1\mysql\bin\mysqld.exe: Normal shutdown

2018-09-26 03:56:33 1524 [Note] Giving 2 client threads a chance to die gracefully
2018-09-26 03:56:33 1524 [Note] Event Scheduler: Purging the queue. 0 events
2018-09-26 03:56:33 1524 [Note] Shutting down slave threads
2018-09-26 03:56:35 1524 [Note] Forcefully disconnecting 2 remaining clients
2018-09-26 03:56:35 1524 [Warning] C:\Bitnami\REDMIN~1.6-1\mysql\bin\mysqld.exe: Forcing close of thread 4  user: 'bitnami'

2018-09-26 03:56:35 1524 [Warning] C:\Bitnami\REDMIN~1.6-1\mysql\bin\mysqld.exe: Forcing close of thread 5  user: 'bitnami'

2018-09-26 03:56:35 1524 [Note] Binlog end
2018-09-26 03:56:35 1524 [Note] Shutting down plugin 'partition'
2018-09-26 03:56:35 1524 [Note] Shutting down plugin 'PERFORMANCE_SCHEMA'
2018-09-26 03:56:35 1524 [Note] Shutting down plugin 'INNODB_SYS_DATAFILES'
2018-09-26 03:56:35 1524 [Note] Shutting down plugin 'INNODB_SYS_TABLESPACES'
2018-09-26 03:56:35 1524 [Note] Shutting down plugin 'INNODB_SYS_FOREIGN_COLS'
2018-09-26 03:56:35 1524 [Note] Shutting down plugin 'INNODB_SYS_FOREIGN'
2018-09-26 03:56:35 1524 [Note] Shutting down plugin 'INNODB_SYS_FIELDS'
2018-09-26 03:56:35 1524 [Note] Shutting down plugin 'INNODB_SYS_COLUMNS'
2018-09-26 03:56:35 1524 [Note] Shutting down plugin 'INNODB_SYS_INDEXES'
2018-09-26 03:56:35 1524 [Note] Shutting down plugin 'INNODB_SYS_TABLESTATS'
2018-09-26 03:56:35 1524 [Note] Shutting down plugin 'INNODB_SYS_TABLES'
2018-09-26 03:56:35 1524 [Note] Shutting down plugin 'INNODB_FT_INDEX_TABLE'
2018-09-26 03:56:35 1524 [Note] Shutting down plugin 'INNODB_FT_INDEX_CACHE'
2018-09-26 03:56:35 1524 [Note] Shutting down plugin 'INNODB_FT_CONFIG'
2018-09-26 03:56:35 1524 [Note] Shutting down plugin 'INNODB_FT_BEING_DELETED'
2018-09-26 03:56:35 1524 [Note] Shutting down plugin 'INNODB_FT_DELETED'
2018-09-26 03:56:35 1524 [Note] Shutting down plugin 'INNODB_FT_DEFAULT_STOPWORD'
2018-09-26 03:56:35 1524 [Note] Shutting down plugin 'INNODB_METRICS'
2018-09-26 03:56:35 1524 [Note] Shutting down plugin 'INNODB_BUFFER_POOL_STATS'
2018-09-26 03:56:35 1524 [Note] Shutting down plugin 'INNODB_BUFFER_PAGE_LRU'
2018-09-26 03:56:35 1524 [Note] Shutting down plugin 'INNODB_BUFFER_PAGE'
2018-09-26 03:56:35 1524 [Note] Shutting down plugin 'INNODB_CMP_PER_INDEX_RESET'
2018-09-26 03:56:35 1524 [Note] Shutting down plugin 'INNODB_CMP_PER_INDEX'
2018-09-26 03:56:35 1524 [Note] Shutting down plugin 'INNODB_CMPMEM_RESET'
2018-09-26 03:56:35 1524 [Note] Shutting down plugin 'INNODB_CMPMEM'
2018-09-26 03:56:35 1524 [Note] Shutting down plugin 'INNODB_CMP_RESET'
2018-09-26 03:56:35 1524 [Note] Shutting down plugin 'INNODB_CMP'
2018-09-26 03:56:35 1524 [Note] Shutting down plugin 'INNODB_LOCK_WAITS'
2018-09-26 03:56:35 1524 [Note] Shutting down plugin 'INNODB_LOCKS'
2018-09-26 03:56:35 1524 [Note] Shutting down plugin 'INNODB_TRX'
2018-09-26 03:56:35 1524 [Note] Shutting down plugin 'InnoDB'
2018-09-26 03:56:35 1524 [Note] InnoDB: FTS optimize thread exiting.
2018-09-26 03:56:35 1524 [Note] InnoDB: Starting shutdown...
2018-09-26 03:56:36 1524 [Note] InnoDB: Shutdown completed; log sequence number 6091884
2018-09-26 03:56:36 1524 [Note] Shutting down plugin 'BLACKHOLE'
2018-09-26 03:56:36 1524 [Note] Shutting down plugin 'ARCHIVE'
2018-09-26 03:56:36 1524 [Note] Shutting down plugin 'MRG_MYISAM'
2018-09-26 03:56:36 1524 [Note] Shutting down plugin 'MyISAM'
2018-09-26 03:56:36 1524 [Note] Shutting down plugin 'MEMORY'
2018-09-26 03:56:36 1524 [Note] Shutting down plugin 'CSV'
2018-09-26 03:56:36 1524 [Note] Shutting down plugin 'sha256_password'
2018-09-26 03:56:36 1524 [Note] Shutting down plugin 'mysql_old_password'
2018-09-26 03:56:36 1524 [Note] Shutting down plugin 'mysql_native_password'
2018-09-26 03:56:36 1524 [Note] Shutting down plugin 'binlog'
2018-09-26 03:56:36 1524 [Note] C:\Bitnami\REDMIN~1.6-1\mysql\bin\mysqld.exe: Shutdown complete

2018-09-27 14:58:04 604 [Note] Plugin 'FEDERATED' is disabled.
2018-09-27 14:58:05 604 [Note] InnoDB: Using atomics to ref count buffer pool pages
2018-09-27 14:58:05 604 [Note] InnoDB: The InnoDB memory heap is disabled
2018-09-27 14:58:05 604 [Note] InnoDB: Mutexes and rw_locks use Windows interlocked functions
2018-09-27 14:58:05 604 [Note] InnoDB: Memory barrier is not used
2018-09-27 14:58:05 604 [Note] InnoDB: Compressed tables use zlib 1.2.3
2018-09-27 14:58:07 604 [Note] InnoDB: Not using CPU crc32 instructions
2018-09-27 14:58:07 604 [Note] InnoDB: Initializing buffer pool, size = 128.0M
2018-09-27 14:58:08 604 [Note] InnoDB: Completed initialization of buffer pool
2018-09-27 14:58:08 604 [Note] InnoDB: Highest supported file format is Barracuda.
2018-09-27 14:58:22 604 [Note] InnoDB: 128 rollback segment(s) are active.
2018-09-27 14:58:22 604 [Note] InnoDB: Waiting for purge to start
2018-09-27 14:58:22 604 [Note] InnoDB: 5.6.41 started; log sequence number 6091884
2018-09-27 14:58:22 604 [Note] Server hostname (bind-address): '127.0.0.1'; port: 3306
2018-09-27 14:58:23 604 [Note]   - '127.0.0.1' resolves to '127.0.0.1';
2018-09-27 14:58:23 604 [Note] Server socket created on IP: '127.0.0.1'.
2018-09-27 14:58:29 604 [Note] Event Scheduler: Loaded 0 events
2018-09-27 14:58:29 604 [Note] C:\Bitnami\REDMIN~1.6-1\mysql\bin\mysqld.exe: ready for connections.
Version: '5.6.41'  socket: ''  port: 3306  MySQL Community Server (GPL)
2018-09-27 19:07:05 604 [Note] C:\Bitnami\REDMIN~1.6-1\mysql\bin\mysqld.exe: Normal shutdown

2018-09-27 19:07:06 604 [Note] Giving 2 client threads a chance to die gracefully
2018-09-27 19:07:06 604 [Note] Event Scheduler: Purging the queue. 0 events
2018-09-27 19:07:06 604 [Note] Shutting down slave threads
2018-09-27 19:07:08 604 [Note] Forcefully disconnecting 2 remaining clients
2018-09-27 19:07:08 604 [Warning] C:\Bitnami\REDMIN~1.6-1\mysql\bin\mysqld.exe: Forcing close of thread 1  user: 'bitnami'

2018-09-27 19:07:08 604 [Warning] C:\Bitnami\REDMIN~1.6-1\mysql\bin\mysqld.exe: Forcing close of thread 2  user: 'bitnami'

2018-09-27 19:07:08 604 [Note] Binlog end
2018-09-27 19:07:10 604 [Note] Shutting down plugin 'partition'
2018-09-27 19:07:10 604 [Note] Shutting down plugin 'PERFORMANCE_SCHEMA'
2018-09-27 19:07:10 604 [Note] Shutting down plugin 'INNODB_SYS_DATAFILES'
2018-09-27 19:07:10 604 [Note] Shutting down plugin 'INNODB_SYS_TABLESPACES'
2018-09-27 19:07:10 604 [Note] Shutting down plugin 'INNODB_SYS_FOREIGN_COLS'
2018-09-27 19:07:10 604 [Note] Shutting down plugin 'INNODB_SYS_FOREIGN'
2018-09-27 19:07:10 604 [Note] Shutting down plugin 'INNODB_SYS_FIELDS'
2018-09-27 19:07:10 604 [Note] Shutting down plugin 'INNODB_SYS_COLUMNS'
2018-09-27 19:07:10 604 [Note] Shutting down plugin 'INNODB_SYS_INDEXES'
2018-09-27 19:07:10 604 [Note] Shutting down plugin 'INNODB_SYS_TABLESTATS'
2018-09-27 19:07:10 604 [Note] Shutting down plugin 'INNODB_SYS_TABLES'
2018-09-27 19:07:10 604 [Note] Shutting down plugin 'INNODB_FT_INDEX_TABLE'
2018-09-27 19:07:10 604 [Note] Shutting down plugin 'INNODB_FT_INDEX_CACHE'
2018-09-27 19:07:10 604 [Note] Shutting down plugin 'INNODB_FT_CONFIG'
2018-09-27 19:07:10 604 [Note] Shutting down plugin 'INNODB_FT_BEING_DELETED'
2018-09-27 19:07:10 604 [Note] Shutting down plugin 'INNODB_FT_DELETED'
2018-09-27 19:07:10 604 [Note] Shutting down plugin 'INNODB_FT_DEFAULT_STOPWORD'
2018-09-27 19:07:10 604 [Note] Shutting down plugin 'INNODB_METRICS'
2018-09-27 19:07:10 604 [Note] Shutting down plugin 'INNODB_BUFFER_POOL_STATS'
2018-09-27 19:07:10 604 [Note] Shutting down plugin 'INNODB_BUFFER_PAGE_LRU'
2018-09-27 19:07:10 604 [Note] Shutting down plugin 'INNODB_BUFFER_PAGE'
2018-09-27 19:07:10 604 [Note] Shutting down plugin 'INNODB_CMP_PER_INDEX_RESET'
2018-09-27 19:07:10 604 [Note] Shutting down plugin 'INNODB_CMP_PER_INDEX'
2018-09-27 19:07:10 604 [Note] Shutting down plugin 'INNODB_CMPMEM_RESET'
2018-09-27 19:07:10 604 [Note] Shutting down plugin 'INNODB_CMPMEM'
2018-09-27 19:07:10 604 [Note] Shutting down plugin 'INNODB_CMP_RESET'
2018-09-27 19:07:10 604 [Note] Shutting down plugin 'INNODB_CMP'
2018-09-27 19:07:10 604 [Note] Shutting down plugin 'INNODB_LOCK_WAITS'
2018-09-27 19:07:10 604 [Note] Shutting down plugin 'INNODB_LOCKS'
2018-09-27 19:07:10 604 [Note] Shutting down plugin 'INNODB_TRX'
2018-09-27 19:07:10 604 [Note] Shutting down plugin 'InnoDB'
2018-09-27 19:07:10 604 [Note] InnoDB: FTS optimize thread exiting.
2018-09-27 19:07:10 604 [Note] InnoDB: Starting shutdown...
2018-09-27 19:07:11 604 [Note] InnoDB: Shutdown completed; log sequence number 6318209
2018-09-27 19:07:11 604 [Note] Shutting down plugin 'BLACKHOLE'
2018-09-27 19:07:11 604 [Note] Shutting down plugin 'ARCHIVE'
2018-09-27 19:07:11 604 [Note] Shutting down plugin 'MRG_MYISAM'
2018-09-27 19:07:11 604 [Note] Shutting down plugin 'MyISAM'
2018-09-27 19:07:11 604 [Note] Shutting down plugin 'MEMORY'
2018-09-27 19:07:11 604 [Note] Shutting down plugin 'CSV'
2018-09-27 19:07:11 604 [Note] Shutting down plugin 'sha256_password'
2018-09-27 19:07:11 604 [Note] Shutting down plugin 'mysql_old_password'
2018-09-27 19:07:11 604 [Note] Shutting down plugin 'mysql_native_password'
2018-09-27 19:07:11 604 [Note] Shutting down plugin 'binlog'
2018-09-27 19:07:11 604 [Note] C:\Bitnami\REDMIN~1.6-1\mysql\bin\mysqld.exe: Shutdown complete

2018-09-27 19:08:22 1248 [Note] Plugin 'FEDERATED' is disabled.
2018-09-27 19:08:24 1248 [Note] InnoDB: Using atomics to ref count buffer pool pages
2018-09-27 19:08:24 1248 [Note] InnoDB: The InnoDB memory heap is disabled
2018-09-27 19:08:24 1248 [Note] InnoDB: Mutexes and rw_locks use Windows interlocked functions
2018-09-27 19:08:24 1248 [Note] InnoDB: Memory barrier is not used
2018-09-27 19:08:24 1248 [Note] InnoDB: Compressed tables use zlib 1.2.3
2018-09-27 19:08:25 1248 [Note] InnoDB: Not using CPU crc32 instructions
2018-09-27 19:08:25 1248 [Note] InnoDB: Initializing buffer pool, size = 128.0M
2018-09-27 19:08:25 1248 [Note] InnoDB: Completed initialization of buffer pool
2018-09-27 19:08:25 1248 [Note] InnoDB: Highest supported file format is Barracuda.
2018-09-27 19:08:27 1248 [Note] InnoDB: 128 rollback segment(s) are active.
2018-09-27 19:08:27 1248 [Note] InnoDB: Waiting for purge to start
2018-09-27 19:08:27 1248 [Note] InnoDB: 5.6.41 started; log sequence number 6318209
2018-09-27 19:08:28 1248 [Note] Server hostname (bind-address): '127.0.0.1'; port: 3306
2018-09-27 19:08:28 1248 [Note]   - '127.0.0.1' resolves to '127.0.0.1';
2018-09-27 19:08:28 1248 [Note] Server socket created on IP: '127.0.0.1'.
